# JRE version: Java(TM) SE Runtime Environment (8.0_45-b15) (build 1.8.0_45-b15)
# Java VM: Java HotSpot(TM) 64-Bit Server VM (25.45-b02 mixed mode windows-amd64 compressed oops)
Heap:
 PSYoungGen      total 203264K, used 52612K [0x00000000eab00000, 0x0000000100000000, 0x0000000100000000)
  eden space 116736K, 45% used [0x00000000eab00000,0x00000000ede61208,0x00000000f1d00000)
  from space 86528K, 0% used [0x00000000fab80000,0x00000000fab80000,0x0000000100000000)
  to   space 116224K, 0% used [0x00000000f1d00000,0x00000000f1d00000,0x00000000f8e80000)
 ParOldGen       total 272896K, used 100238K [0x00000000c0000000, 0x00000000d0a80000, 0x00000000eab00000)
  object space 272896K, 36% used [0x00000000c0000000,0x00000000c61e38f0,0x00000000d0a80000)
 Metaspace       used 6116K, capacity 7092K, committed 7296K, reserved 1056768K
  class space    used 599K, capacity 620K, committed 640K, reserved 1048576K
GC Heap History (10 events):
Event: 6.401 GC heap before
{Heap before GC invocations=7 (full 2):
 PSYoungGen      total 132096K, used 5096K [0x00000000eab00000, 0x00000000ff880000, 0x0000000100000000)
  eden space 126976K, 0% used [0x00000000eab00000,0x00000000eab00000,0x00000000f2700000)
  from space 5120K, 99% used [0x00000000f2700000,0x00000000f2bfa3a0,0x00000000f2c00000)
  to   space 72192K, 0% used [0x00000000fb200000,0x00000000fb200000,0x00000000ff880000)
 ParOldGen       total 95744K, used 95234K [0x00000000c0000000, 0x00000000c5d80000, 0x00000000eab00000)
  object space 95744K, 99% used [0x00000000c0000000,0x00000000c5d00b00,0x00000000c5d80000)
 Metaspace       used 6083K, capacity 7028K, committed 7296K, reserved 1056768K
  class space    used 598K, capacity 620K, committed 640K, reserved 1048576K
Event: 6.675 GC heap after
Heap after GC invocations=7 (full 2):
 PSYoungGen      total 132096K, used 0K [0x00000000eab00000, 0x00000000ff880000, 0x0000000100000000)
  eden space 126976K, 0% used [0x00000000eab00000,0x00000000eab00000,0x00000000f2700000)
  from space 5120K, 0% used [0x00000000f2700000,0x00000000f2700000,0x00000000f2c00000)
  to   space 72192K, 0% used [0x00000000fb200000,0x00000000fb200000,0x00000000ff880000)
 ParOldGen       total 238592K, used 94837K [0x00000000c0000000, 0x00000000ce900000, 0x00000000eab00000)
  object space 238592K, 39% used [0x00000000c0000000,0x00000000c5c9d7c0,0x00000000ce900000)
 Metaspace       used 6083K, capacity 7028K, committed 7296K, reserved 1056768K
  class space    used 598K, capacity 620K, committed 640K, reserved 1048576K
}
Event: 6.741 GC heap before
{Heap before GC invocations=8 (full 2):
 PSYoungGen      total 132096K, used 126976K [0x00000000eab00000, 0x00000000ff880000, 0x0000000100000000)
  eden space 126976K, 100% used [0x00000000eab00000,0x00000000f2700000,0x00000000f2700000)
  from space 5120K, 0% used [0x00000000f2700000,0x00000000f2700000,0x00000000f2c00000)
  to   space 72192K, 0% used [0x00000000fb200000,0x00000000fb200000,0x00000000ff880000)
 ParOldGen       total 238592K, used 94837K [0x00000000c0000000, 0x00000000ce900000, 0x00000000eab00000)
  object space 238592K, 39% used [0x00000000c0000000,0x00000000c5c9d7c0,0x00000000ce900000)
 Metaspace       used 6083K, capacity 7028K, committed 7296K, reserved 1056768K
  class space    used 598K, capacity 620K, committed 640K, reserved 1048576K
Event: 6.784 GC heap after
Heap after GC invocations=8 (full 2):
 PSYoungGen      total 248320K, used 68869K [0x00000000eab00000, 0x0000000100000000, 0x0000000100000000)
  eden space 176128K, 0% used [0x00000000eab00000,0x00000000eab00000,0x00000000f5700000)
  from space 72192K, 95% used [0x00000000fb200000,0x00000000ff541798,0x00000000ff880000)
  to   space 86528K, 0% used [0x00000000f5700000,0x00000000f5700000,0x00000000fab80000)
 ParOldGen       total 238592K, used 94837K [0x00000000c0000000, 0x00000000ce900000, 0x00000000eab00000)
  object space 238592K, 39% used [0x00000000c0000000,0x00000000c5c9d7c0,0x00000000ce900000)
 Metaspace       used 6083K, capacity 7028K, committed 7296K, reserved 1056768K
  class space    used 598K, capacity 620K, committed 640K, reserved 1048576K
}
Event: 7.198 GC heap before
{Heap before GC invocations=9 (full 2):
 PSYoungGen      total 248320K, used 244997K [0x00000000eab00000, 0x0000000100000000, 0x0000000100000000)
  eden space 176128K, 100% used [0x00000000eab00000,0x00000000f5700000,0x00000000f5700000)
  from space 72192K, 95% used [0x00000000fb200000,0x00000000ff541798,0x00000000ff880000)
  to   space 86528K, 0% used [0x00000000f5700000,0x00000000f5700000,0x00000000fab80000)
 ParOldGen       total 238592K, used 94837K [0x00000000c0000000, 0x00000000ce900000, 0x00000000eab00000)
  object space 238592K, 39% used [0x00000000c0000000,0x00000000c5c9d7c0,0x00000000ce900000)
 Metaspace       used 6084K, capacity 7028K, committed 7296K, reserved 1056768K
  class space    used 598K, capacity 620K, committed 640K, reserved 1048576K
Event: 7.299 GC heap after
Heap after GC invocations=9 (full 2):
 PSYoungGen      total 262656K, used 86515K [0x00000000eab00000, 0x0000000100000000, 0x0000000100000000)
  eden space 176128K, 0% used [0x00000000eab00000,0x00000000eab00000,0x00000000f5700000)
  from space 86528K, 99% used [0x00000000f5700000,0x00000000fab7cf68,0x00000000fab80000)
  to   space 86528K, 0% used [0x00000000fab80000,0x00000000fab80000,0x0000000100000000)
 ParOldGen       total 238592K, used 142999K [0x00000000c0000000, 0x00000000ce900000, 0x00000000eab00000)
  object space 238592K, 59% used [0x00000000c0000000,0x00000000c8ba5fa8,0x00000000ce900000)
 Metaspace       used 6084K, capacity 7028K, committed 7296K, reserved 1056768K
  class space    used 598K, capacity 620K, committed 640K, reserved 1048576K
}
Event: 7.862 GC heap before
{Heap before GC invocations=10 (full 2):
 PSYoungGen      total 262656K, used 262643K [0x00000000eab00000, 0x0000000100000000, 0x0000000100000000)
  eden space 176128K, 100% used [0x00000000eab00000,0x00000000f5700000,0x00000000f5700000)
  from space 86528K, 99% used [0x00000000f5700000,0x00000000fab7cf68,0x00000000fab80000)
  to   space 86528K, 0% used [0x00000000fab80000,0x00000000fab80000,0x0000000100000000)
 ParOldGen       total 238592K, used 142999K [0x00000000c0000000, 0x00000000ce900000, 0x00000000eab00000)
  object space 238592K, 59% used [0x00000000c0000000,0x00000000c8ba5fa8,0x00000000ce900000)
 Metaspace       used 6088K, capacity 7028K, committed 7296K, reserved 1056768K
  class space    used 598K, capacity 620K, committed 640K, reserved 1048576K
Event: 8.024 GC heap after
Heap after GC invocations=10 (full 2):
 PSYoungGen      total 203264K, used 86499K [0x00000000eab00000, 0x0000000100000000, 0x0000000100000000)
  eden space 116736K, 0% used [0x00000000eab00000,0x00000000eab00000,0x00000000f1d00000)
  from space 86528K, 99% used [0x00000000fab80000,0x00000000ffff8e30,0x0000000100000000)
  to   space 116224K, 0% used [0x00000000f1d00000,0x00000000f1d00000,0x00000000f8e80000)
 ParOldGen       total 238592K, used 179952K [0x00000000c0000000, 0x00000000ce900000, 0x00000000eab00000)
  object space 238592K, 75% used [0x00000000c0000000,0x00000000cafbc380,0x00000000ce900000)
 Metaspace       used 6088K, capacity 7028K, committed 7296K, reserved 1056768K
  class space    used 598K, capacity 620K, committed 640K, reserved 1048576K
}
Event: 8.024 GC heap before
{Heap before GC invocations=11 (full 3):
 PSYoungGen      total 203264K, used 86499K [0x00000000eab00000, 0x0000000100000000, 0x0000000100000000)
  eden space 116736K, 0% used [0x00000000eab00000,0x00000000eab00000,0x00000000f1d00000)
  from space 86528K, 99% used [0x00000000fab80000,0x00000000ffff8e30,0x0000000100000000)
  to   space 116224K, 0% used [0x00000000f1d00000,0x00000000f1d00000,0x00000000f8e80000)
 ParOldGen       total 238592K, used 179952K [0x00000000c0000000, 0x00000000ce900000, 0x00000000eab00000)
  object space 238592K, 75% used [0x00000000c0000000,0x00000000cafbc380,0x00000000ce900000)
 Metaspace       used 6088K, capacity 7028K, committed 7296K, reserved 1056768K
  class space    used 598K, capacity 620K, committed 640K, reserved 1048576K
Event: 8.757 GC heap after
Heap after GC invocations=11 (full 3):
 PSYoungGen      total 203264K, used 0K [0x00000000eab00000, 0x0000000100000000, 0x0000000100000000)
  eden space 116736K, 0% used [0x00000000eab00000,0x00000000eab00000,0x00000000f1d00000)
  from space 86528K, 0% used [0x00000000fab80000,0x00000000fab80000,0x0000000100000000)
  to   space 116224K, 0% used [0x00000000f1d00000,0x00000000f1d00000,0x00000000f8e80000)
 ParOldGen       total 272896K, used 100238K [0x00000000c0000000, 0x00000000d0a80000, 0x00000000eab00000)
  object space 272896K, 36% used [0x00000000c0000000,0x00000000c61e38f0,0x00000000d0a80000)
 Metaspace       used 6088K, capacity 7028K, committed 7296K, reserved 1056768K
  class space    used 598K, capacity 620K, committed 640K, reserved 1048576K
}

